<?xml version="1.0" encoding="UTF-8"?>
<!-- Generated by org.testng.reporters.JUnitReportReporter -->
<testsuite hostname="DESKTOP-JHJO632" failures="0" tests="3" name="testCases.TC003_LoginDDT" time="24.874" errors="0" timestamp="2025-06-20T16:35:43 IST" skipped="0">
  <testcase classname="testCases.TC003_LoginDDT" name="loginddt" time="3.199"/>
  <testcase classname="testCases.TC003_LoginDDT" name="loginddt" time="10.785"/>
  <testcase classname="testCases.TC003_LoginDDT" name="loginddt" time="10.890"/>
</testsuite> <!-- testCases.TC003_LoginDDT -->
