<?xml version="1.0" encoding="UTF-8"?>
<!-- Generated by org.testng.reporters.JUnitReportReporter -->
<testsuite hostname="DESKTOP-JHJO632" failures="0" tests="1" name="testCases.TC001_AccountRegistrationTest" time="7.432" errors="0" timestamp="2025-06-25T19:36:41 IST" skipped="0">
  <testcase classname="testCases.TC001_AccountRegistrationTest" name="accountRegistration" time="7.432"/>
</testsuite> <!-- testCases.TC001_AccountRegistrationTest -->
