<?xml version="1.0" encoding="UTF-8"?>
<!-- Generated by org.testng.reporters.JUnitReportReporter -->
<testsuite hostname="DESKTOP-JHJO632" failures="0" tests="1" name="testCases.TC002_LoginTest" time="3.021" errors="0" timestamp="2025-06-25T19:36:41 IST" skipped="0">
  <testcase classname="testCases.TC002_LoginTest" name="login" time="3.021"/>
</testsuite> <!-- testCases.TC002_LoginTest -->
